<?xml version="1.0" encoding="UTF-8"?>
<testng-results ignored="0" total="1" passed="1" failed="0" skipped="0">
  <reporter-output>
  </reporter-output>
  <suite started-at="2023-10-03T20:37:25 IST" name="Salesforce Test Automation Test Suite" finished-at="2023-10-03T20:37:34 IST" duration-ms="8471">
    <groups>
    </groups>
    <test started-at="2023-10-03T20:37:25 IST" name="Regression" finished-at="2023-10-03T20:37:34 IST" duration-ms="8471">
      <class name="com.Saleforce.SaleforceDemo.TestCases.LoginPageTest">
        <test-method is-config="true" signature="setUp()[pri:0, instance:com.Saleforce.SaleforceDemo.TestCases.LoginPageTest@54422e18]" started-at="2023-10-03T20:37:25 IST" name="setUp" finished-at="2023-10-03T20:37:32 IST" duration-ms="6944" status="PASS">
          <reporter-output>
          </reporter-output>
        </test-method> <!-- setUp -->
        <test-method signature="validLoginTest()[pri:0, instance:com.Saleforce.SaleforceDemo.TestCases.LoginPageTest@54422e18]" started-at="2023-10-03T20:37:32 IST" name="validLoginTest" finished-at="2023-10-03T20:37:33 IST" duration-ms="503" status="PASS">
          <reporter-output>
          </reporter-output>
        </test-method> <!-- validLoginTest -->
        <test-method is-config="true" signature="tearDown()[pri:0, instance:com.Saleforce.SaleforceDemo.TestCases.LoginPageTest@54422e18]" started-at="2023-10-03T20:37:33 IST" name="tearDown" finished-at="2023-10-03T20:37:34 IST" duration-ms="941" status="PASS">
          <reporter-output>
          </reporter-output>
        </test-method> <!-- tearDown -->
      </class> <!-- com.Saleforce.SaleforceDemo.TestCases.LoginPageTest -->
    </test> <!-- Regression -->
  </suite> <!-- Salesforce Test Automation Test Suite -->
</testng-results>
